<?xml version="1.0" encoding="UTF-8"?>
<!-- Generated by org.testng.reporters.JUnitReportReporter -->
<testsuite skipped="0" hostname="DESKTOP-QTN1F52" name="com.login.excelReadbasic.ExcelReadBasic" tests="3" failures="0" timestamp="21 Sep 2020 07:07:40 GMT" time="44.362" errors="0">
  <testcase name="Login" time="14.727" classname="com.login.excelReadbasic.ExcelReadBasic"/>
  <testcase name="Login" time="14.936" classname="com.login.excelReadbasic.ExcelReadBasic"/>
  <testcase name="Login" time="14.699" classname="com.login.excelReadbasic.ExcelReadBasic"/>
</testsuite> <!-- com.login.excelReadbasic.ExcelReadBasic -->
